[debug] [2022-01-02T15:53:58.228Z] ----------------------------------------------------------------------
[debug] [2022-01-02T15:53:58.231Z] Command:       C:\Program Files\nodejs\node.exe C:\Users\Rimon\AppData\Roaming\npm\node_modules\firebase-tools\lib\bin\firebase.js deploy
[debug] [2022-01-02T15:53:58.231Z] CLI Version:   9.20.0
[debug] [2022-01-02T15:53:58.231Z] Platform:      win32
[debug] [2022-01-02T15:53:58.231Z] Node Version:  v14.17.3
[debug] [2022-01-02T15:53:58.233Z] Time:          Sun Jan 02 2022 21:53:58 GMT+0600 (Bangladesh Standard Time)
[debug] [2022-01-02T15:53:58.233Z] ----------------------------------------------------------------------
[debug] 
[debug] [2022-01-02T15:53:58.257Z] >>> [apiv2][query] GET https://firebase-public.firebaseio.com/cli.json [none]
[debug] [2022-01-02T15:53:58.535Z] > command requires scopes: ["email","openid","https://www.googleapis.com/auth/cloudplatformprojects.readonly","https://www.googleapis.com/auth/firebase","https://www.googleapis.com/auth/cloud-platform"]
[debug] [2022-01-02T15:53:58.536Z] > authorizing via signed-in user (rimon.mpi@gmail.com)
[debug] [2022-01-02T15:53:58.536Z] [iam] checking project medical-firebase-project for permissions ["firebase.projects.get","firebasehosting.sites.update"]
[debug] [2022-01-02T15:53:58.537Z] > refreshing access token with scopes: ["email","https://www.googleapis.com/auth/cloud-platform","https://www.googleapis.com/auth/cloudplatformprojects.readonly","https://www.googleapis.com/auth/firebase","openid"]
[debug] [2022-01-02T15:53:58.538Z] >>> HTTP REQUEST POST https://www.googleapis.com/oauth2/v3/token  
 <request body omitted>
[debug] [2022-01-02T15:54:10.293Z] [iam] error while checking permissions, command may fail: FirebaseError: Authentication Error: Your credentials are no longer valid. Please run firebase login --reauth

For CI servers and headless environments, generate a new token with firebase login:ci
[debug] [2022-01-02T15:54:10.296Z] > refreshing access token with scopes: []
[debug] [2022-01-02T15:54:10.297Z] >>> HTTP REQUEST POST https://www.googleapis.com/oauth2/v3/token  
 <request body omitted>
[debug] [2022-01-02T15:54:10.304Z] Authentication Error: Your credentials are no longer valid. Please run firebase login --reauth

For CI servers and headless environments, generate a new token with firebase login:ci
[debug] [2022-01-02T15:54:10.315Z] FirebaseError: Authentication Error: Your credentials are no longer valid. Please run firebase login --reauth

For CI servers and headless environments, generate a new token with firebase login:ci
    at invalidCredentialError (C:\Users\Rimon\AppData\Roaming\npm\node_modules\firebase-tools\lib\auth.js:141:12)
    at refreshTokens (C:\Users\Rimon\AppData\Roaming\npm\node_modules\firebase-tools\lib\auth.js:448:15)
    at processTicksAndRejections (internal/process/task_queues.js:95:5)
    at async Client.getAccessToken (C:\Users\Rimon\AppData\Roaming\npm\node_modules\firebase-tools\lib\apiv2.js:144:23)
    at async Client.addAuthHeader (C:\Users\Rimon\AppData\Roaming\npm\node_modules\firebase-tools\lib\apiv2.js:135:21)
    at async Client.request (C:\Users\Rimon\AppData\Roaming\npm\node_modules\firebase-tools\lib\apiv2.js:93:34)
    at async Object.getFirebaseProject (C:\Users\Rimon\AppData\Roaming\npm\node_modules\firebase-tools\lib\management\projects.js:290:21)
    at async Object.getDefaultHostingSite (C:\Users\Rimon\AppData\Roaming\npm\node_modules\firebase-tools\lib\getDefaultHostingSite.js:8:21)
    at async requireHostingSite (C:\Users\Rimon\AppData\Roaming\npm\node_modules\firebase-tools\lib\requireHostingSite.js:9:18)
    at async Object.fn (C:\Users\Rimon\AppData\Roaming\npm\node_modules\firebase-tools\lib\commands\deploy.js:65:9)
    at async C:\Users\Rimon\AppData\Roaming\npm\node_modules\firebase-tools\lib\command.js:188:17
[error] 
[error] Error: Failed to get Firebase project medical-firebase-project. Please make sure the project exists and your account has permission to access it.
